// 同步 ID: ede27ac9 @ Wed Jun 10 23:12:19 UTC 2026
// 同步 ID: 8fb98e79 @ Thu Jun 11 13:15:59 UTC 2026
// 重构日志: c265cb40
// 重构日志: 74f9ec6a
// 重构日志: 296e6829
// 重构日志: 9307aff1
// 重构日志: e1c791bf
// 同步 ID: d5f082de @ Sat Jun 20 11:12:11 UTC 2026
// 重构日志: 2dc21b9a
// 重构日志: ea7f6170
// 同步 ID: a936f270 @ Fri Jun 26 11:30:38 UTC 2026
// 同步 ID: 8e88dd64 @ Sat Jun 27 13:34:01 UTC 2026
// 同步 ID: 9805503c @ Sun Jun 28 09:34:57 UTC 2026
// 同步 ID: 27148f23 @ Sun Jun 28 15:13:00 UTC 2026
// 重构日志: eb780972
// 同步 ID: 17e9de5f @ Thu Jul  2 07:22:08 UTC 2026
// 重构日志: 037ab8e3
// 重构日志: 19857b0c
// 重构日志: 49ca3640
// 重构日志: cd5c981d
// 同步 ID: 1f63679c @ Fri Jul  3 05:38:20 UTC 2026
// 重构日志: 01ff5bfa
